{
  "RSpec": {
    "coverage": {
      "/Users/derekchavez/3mod/projects/market_money/spec/requests/api/v0/markets/search_request_spec.rb": {
        "lines": [
          1,
          null,
          1,
          1,
          1,
          9,
          9,
          9,
          null,
          null,
          1,
          1,
          null,
          1,
          null,
          1,
          1,
          null,
          1,
          null,
          1,
          null,
          1,
          1,
          1,
          null,
          1,
          2,
          2,
          2,
          null,
          2,
          2,
          2,
          2,
          2,
          2,
          2,
          null,
          null,
          null,
          1,
          1,
          null,
          1,
          null,
          1,
          1,
          null,
          1,
          1,
          null,
          1,
          1,
          1,
          null,
          1,
          1,
          1,
          1,
          1,
          null,
          null,
          1,
          1,
          null,
          1,
          null,
          1,
          1,
          null,
          1,
          1,
          null,
          1,
          1,
          1,
          null,
          1,
          1,
          1,
          1,
          1,
          null,
          null,
          1,
          1,
          null,
          1,
          null,
          1,
          1,
          null,
          1,
          1,
          null,
          1,
          1,
          1,
          null,
          1,
          1,
          1,
          1,
          1,
          null,
          null,
          1,
          1,
          null,
          1,
          null,
          1,
          1,
          null,
          1,
          1,
          null,
          1,
          1,
          1,
          null,
          1,
          1,
          1,
          1,
          1,
          null,
          null,
          1,
          1,
          null,
          1,
          null,
          1,
          null,
          1,
          1,
          1,
          null,
          null,
          1,
          1,
          null,
          1,
          null,
          1,
          null,
          1,
          1,
          1,
          null,
          null,
          1,
          1,
          null,
          1,
          null,
          1,
          1,
          null,
          1,
          1,
          1,
          1,
          null,
          null,
          1,
          1,
          null,
          1,
          null,
          1,
          1,
          null,
          1,
          1,
          1,
          1,
          null,
          null,
          null
        ]
      },
      "/Users/derekchavez/3mod/projects/market_money/spec/rails_helper.rb": {
        "lines": [
          null,
          1,
          1,
          1,
          null,
          1,
          1,
          null,
          null,
          null,
          null,
          null,
          null,
          null,
          null,
          null,
          null,
          null,
          null,
          null,
          null,
          null,
          null,
          null,
          null,
          null,
          null,
          1,
          null,
          0,
          null,
          1,
          null,
          1,
          null,
          null,
          null,
          null,
          1,
          null,
          null,
          null,
          null,
          null,
          null,
          null,
          null,
          null,
          null,
          null,
          null,
          null,
          null,
          null,
          null,
          null,
          1,
          null,
          null,
          1,
          null,
          null,
          1,
          null,
          1,
          1,
          1,
          1,
          null,
          null,
          null
        ]
      },
      "/Users/derekchavez/3mod/projects/market_money/config/environment.rb": {
        "lines": [
          null,
          1,
          null,
          null,
          1
        ]
      },
      "/Users/derekchavez/3mod/projects/market_money/config/application.rb": {
        "lines": [
          1,
          null,
          1,
          null,
          1,
          1,
          1,
          1,
          1,
          1,
          1,
          1,
          1,
          1,
          null,
          null,
          null,
          null,
          1,
          null,
          1,
          1,
          null,
          1,
          null,
          null,
          null,
          null,
          null,
          null,
          null,
          null,
          null,
          null,
          null,
          null,
          1,
          null,
          null
        ]
      },
      "/Users/derekchavez/3mod/projects/market_money/config/boot.rb": {
        "lines": [
          1,
          null,
          1,
          1
        ]
      },
      "/Users/derekchavez/3mod/projects/market_money/config/environments/test.rb": {
        "lines": [
          1,
          null,
          null,
          null,
          null,
          null,
          null,
          1,
          null,
          null,
          null,
          1,
          null,
          null,
          null,
          null,
          1,
          null,
          null,
          1,
          1,
          null,
          null,
          null,
          null,
          1,
          1,
          1,
          null,
          null,
          1,
          null,
          null,
          1,
          null,
          null,
          1,
          null,
          1,
          null,
          null,
          null,
          null,
          1,
          null,
          null,
          1,
          null,
          null,
          1,
          null,
          null,
          1,
          null,
          null,
          null,
          null,
          null,
          null,
          null
        ]
      },
      "/Users/derekchavez/3mod/projects/market_money/config/initializers/cors.rb": {
        "lines": [
          null,
          null,
          null,
          null,
          null,
          null,
          null,
          null,
          null,
          null,
          null,
          null,
          null,
          null,
          null,
          null
        ]
      },
      "/Users/derekchavez/3mod/projects/market_money/config/initializers/filter_parameter_logging.rb": {
        "lines": [
          null,
          null,
          null,
          null,
          null,
          1,
          null,
          null
        ]
      },
      "/Users/derekchavez/3mod/projects/market_money/config/initializers/inflections.rb": {
        "lines": [
          null,
          null,
          null,
          null,
          null,
          null,
          null,
          null,
          null,
          null,
          null,
          null,
          null,
          null,
          null,
          null
        ]
      },
      "/Users/derekchavez/3mod/projects/market_money/spec/factories/market_vendors.rb": {
        "lines": [
          1,
          1,
          1,
          1,
          null,
          null
        ]
      },
      "/Users/derekchavez/3mod/projects/market_money/spec/factories/markets.rb": {
        "lines": [
          1,
          1,
          1,
          28,
          1,
          28,
          1,
          28,
          28,
          28,
          null,
          null
        ]
      },
      "/Users/derekchavez/3mod/projects/market_money/spec/factories/vendors.rb": {
        "lines": [
          1,
          1,
          1,
          1,
          1,
          1,
          1,
          null,
          null
        ]
      },
      "/Users/derekchavez/3mod/projects/market_money/config/routes.rb": {
        "lines": [
          1,
          null,
          null,
          null,
          null,
          null,
          1,
          1,
          1,
          1,
          null,
          1,
          1,
          null,
          null,
          null,
          1,
          1,
          null,
          null,
          1,
          1,
          null,
          null,
          null
        ]
      },
      "/Users/derekchavez/3mod/projects/market_money/app/models/market.rb": {
        "lines": [
          1,
          1,
          1,
          null,
          1,
          7,
          null,
          null,
          1,
          7,
          7,
          12,
          null,
          7,
          null,
          null,
          1,
          6,
          null,
          null,
          1,
          3,
          null,
          null,
          1,
          3,
          null,
          null,
          1,
          0,
          null,
          0,
          0,
          0,
          null,
          0,
          null,
          null
        ]
      },
      "/Users/derekchavez/3mod/projects/market_money/app/models/application_record.rb": {
        "lines": [
          1,
          1,
          null
        ]
      },
      "/Users/derekchavez/3mod/projects/market_money/app/controllers/api/v0/markets_controller.rb": {
        "lines": [
          1,
          1,
          0,
          null,
          null,
          1,
          null,
          0,
          0,
          0,
          0,
          null,
          null,
          null,
          1,
          9,
          2,
          null,
          7,
          null,
          null,
          null,
          null,
          1,
          null,
          1,
          0,
          null,
          null,
          1,
          14,
          null,
          null,
          1,
          2,
          2,
          null,
          null
        ]
      },
      "/Users/derekchavez/3mod/projects/market_money/app/controllers/application_controller.rb": {
        "lines": [
          1,
          null
        ]
      },
      "/Users/derekchavez/3mod/projects/market_money/app/serializers/market_serializer.rb": {
        "lines": [
          1,
          1,
          1,
          null
        ]
      },
      "/Users/derekchavez/3mod/projects/market_money/app/models/market_vendor.rb": {
        "lines": [
          1,
          1,
          1,
          null
        ]
      },
      "/Users/derekchavez/3mod/projects/market_money/app/models/vendor.rb": {
        "lines": [
          1,
          1,
          1,
          null,
          1,
          1,
          null
        ]
      },
      "/Users/derekchavez/3mod/projects/market_money/app/poros/error_message.rb": {
        "lines": [
          1,
          1,
          null,
          1,
          2,
          2,
          null,
          null
        ]
      },
      "/Users/derekchavez/3mod/projects/market_money/app/serializers/error_serializer.rb": {
        "lines": [
          1,
          1,
          2,
          2,
          2,
          null,
          2,
          null,
          null
        ]
      }
    },
    "timestamp": 1693516000
  }
}
